# Logfile created on 2014-01-19 23:31:40 +0200 by logger.rb/v1.2.7
I, [2014-01-19T23:31:40.331813 #1998]  INFO -- : 0:  rack (1.5.2) from /Users/yaakov/.rvm/gems/ruby-head@nooz/specifications/rack-1.5.2.gemspec
I, [2014-01-19T23:31:40.332131 #1998]  INFO -- : 0:  tilt (1.4.1) from /Users/yaakov/.rvm/gems/ruby-head@nooz/specifications/tilt-1.4.1.gemspec
I, [2014-01-19T23:31:44.351440 #1998]  INFO -- : 0:  sinatra (1.1.0) from /Users/yaakov/.rvm/gems/ruby-head@nooz/specifications/sinatra-1.1.0.gemspec
I, [2014-01-19T23:31:44.351746 #1998]  INFO -- : 0:  bundler (1.5.1) from /Users/yaakov/.rvm/gems/ruby-head@global/specifications/bundler-1.5.1.gemspec
I, [2014-01-31T12:13:24.876031 #6880]  INFO -- : 0:  addressable (2.3.5) from /Users/yaakov/.rvm/gems/ruby-head@nooz/specifications/addressable-2.3.5.gemspec
I, [2014-01-31T12:13:24.876767 #6880]  INFO -- : 0:  sass (3.2.13) from /Users/yaakov/.rvm/gems/ruby-head@nooz/specifications/sass-3.2.13.gemspec
I, [2014-01-31T12:13:24.876965 #6880]  INFO -- : 0:  thor (0.18.1) from /Users/yaakov/.rvm/gems/ruby-head@nooz/specifications/thor-0.18.1.gemspec
I, [2014-01-31T12:13:24.877196 #6880]  INFO -- : 0:  bourbon (3.1.8) from /Users/yaakov/.rvm/gems/ruby-head@nooz/specifications/bourbon-3.1.8.gemspec
I, [2014-01-31T12:13:24.877392 #6880]  INFO -- : 0:  erubis (2.7.0) from /Users/yaakov/.rvm/gems/ruby-head@nooz/specifications/erubis-2.7.0.gemspec
I, [2014-01-31T12:13:24.877583 #6880]  INFO -- : 0:  grater (0.1.5) from /Users/yaakov/.rvm/gems/ruby-head@nooz/specifications/grater-0.1.5.gemspec
I, [2014-01-31T12:13:24.877785 #6880]  INFO -- : 0:  hike (1.2.3) from /Users/yaakov/.rvm/gems/ruby-head@nooz/specifications/hike-1.2.3.gemspec
I, [2014-01-31T12:13:24.877983 #6880]  INFO -- : 0:  multi_json (1.8.2) from /Users/yaakov/.rvm/gems/ruby-head@nooz/specifications/multi_json-1.8.2.gemspec
I, [2014-01-31T12:13:24.878175 #6880]  INFO -- : 0:  rack (1.5.2) from /Users/yaakov/.rvm/gems/ruby-head@nooz/specifications/rack-1.5.2.gemspec
I, [2014-01-31T12:13:24.878508 #6880]  INFO -- : 0:  puma (2.7.1) from /Users/yaakov/.rvm/gems/ruby-head@nooz/specifications/puma-2.7.1.gemspec
I, [2014-01-31T12:13:24.878719 #6880]  INFO -- : 0:  rack-canonical-host (0.0.8) from /Users/yaakov/.rvm/gems/ruby-head@nooz/specifications/rack-canonical-host-0.0.8.gemspec
I, [2014-01-31T12:13:24.878896 #6880]  INFO -- : 0:  rack-protection (1.5.1) from /Users/yaakov/.rvm/gems/ruby-head@nooz/specifications/rack-protection-1.5.1.gemspec
I, [2014-01-31T12:13:24.879101 #6880]  INFO -- : 0:  shotgun (0.9) from /Users/yaakov/.rvm/gems/ruby-head@nooz/specifications/shotgun-0.9.gemspec
I, [2014-01-31T12:13:24.879299 #6880]  INFO -- : 0:  tilt (1.4.1) from /Users/yaakov/.rvm/gems/ruby-head@nooz/specifications/tilt-1.4.1.gemspec
I, [2014-01-31T12:13:24.879500 #6880]  INFO -- : 0:  sinatra (1.4.4) from /Users/yaakov/.rvm/gems/ruby-head@nooz/specifications/sinatra-1.4.4.gemspec
I, [2014-01-31T12:13:24.879708 #6880]  INFO -- : 0:  sinatra-content-for2 (0.3) from /Users/yaakov/.rvm/gems/ruby-head@nooz/specifications/sinatra-content-for2-0.3.gemspec
I, [2014-01-31T12:13:24.879920 #6880]  INFO -- : 0:  sprockets (2.10.1) from /Users/yaakov/.rvm/gems/ruby-head@nooz/specifications/sprockets-2.10.1.gemspec
I, [2014-01-31T12:13:24.880126 #6880]  INFO -- : 0:  sprockets-sass (1.0.2) from /Users/yaakov/.rvm/gems/ruby-head@nooz/specifications/sprockets-sass-1.0.2.gemspec
I, [2014-01-31T12:13:24.880332 #6880]  INFO -- : 0:  bundler (1.5.1) from /Users/yaakov/.rvm/gems/ruby-head@global/specifications/bundler-1.5.1.gemspec
I, [2014-01-31T12:14:22.454304 #6930]  INFO -- : 0:  addressable (2.3.5) from /Users/yaakov/.rvm/gems/ruby-head@nooz/specifications/addressable-2.3.5.gemspec
I, [2014-01-31T12:14:22.454592 #6930]  INFO -- : 0:  sass (3.2.13) from /Users/yaakov/.rvm/gems/ruby-head@nooz/specifications/sass-3.2.13.gemspec
I, [2014-01-31T12:14:22.454783 #6930]  INFO -- : 0:  thor (0.18.1) from /Users/yaakov/.rvm/gems/ruby-head@nooz/specifications/thor-0.18.1.gemspec
I, [2014-01-31T12:14:22.454968 #6930]  INFO -- : 0:  bourbon (3.1.8) from /Users/yaakov/.rvm/gems/ruby-head@nooz/specifications/bourbon-3.1.8.gemspec
I, [2014-01-31T12:14:22.455172 #6930]  INFO -- : 0:  erubis (2.7.0) from /Users/yaakov/.rvm/gems/ruby-head@nooz/specifications/erubis-2.7.0.gemspec
I, [2014-01-31T12:14:22.455350 #6930]  INFO -- : 0:  grater (0.1.5) from /Users/yaakov/.rvm/gems/ruby-head@nooz/specifications/grater-0.1.5.gemspec
I, [2014-01-31T12:14:22.455530 #6930]  INFO -- : 0:  hike (1.2.3) from /Users/yaakov/.rvm/gems/ruby-head@nooz/specifications/hike-1.2.3.gemspec
I, [2014-01-31T12:14:22.455713 #6930]  INFO -- : 0:  multi_json (1.8.2) from /Users/yaakov/.rvm/gems/ruby-head@nooz/specifications/multi_json-1.8.2.gemspec
I, [2014-01-31T12:14:22.455894 #6930]  INFO -- : 0:  rack (1.5.2) from /Users/yaakov/.rvm/gems/ruby-head@nooz/specifications/rack-1.5.2.gemspec
I, [2014-01-31T12:14:22.456071 #6930]  INFO -- : 0:  puma (2.7.1) from /Users/yaakov/.rvm/gems/ruby-head@nooz/specifications/puma-2.7.1.gemspec
I, [2014-01-31T12:14:22.456256 #6930]  INFO -- : 0:  rack-canonical-host (0.0.8) from /Users/yaakov/.rvm/gems/ruby-head@nooz/specifications/rack-canonical-host-0.0.8.gemspec
I, [2014-01-31T12:14:22.456436 #6930]  INFO -- : 0:  rack-protection (1.5.1) from /Users/yaakov/.rvm/gems/ruby-head@nooz/specifications/rack-protection-1.5.1.gemspec
I, [2014-01-31T12:14:22.456619 #6930]  INFO -- : 0:  shotgun (0.9) from /Users/yaakov/.rvm/gems/ruby-head@nooz/specifications/shotgun-0.9.gemspec
I, [2014-01-31T12:14:22.456803 #6930]  INFO -- : 0:  tilt (1.4.1) from /Users/yaakov/.rvm/gems/ruby-head@nooz/specifications/tilt-1.4.1.gemspec
I, [2014-01-31T12:14:22.456993 #6930]  INFO -- : 0:  sinatra (1.4.4) from /Users/yaakov/.rvm/gems/ruby-head@nooz/specifications/sinatra-1.4.4.gemspec
I, [2014-01-31T12:14:24.558059 #6930]  INFO -- : 0:  sinatra-basic-auth (0.1.0) from /Users/yaakov/.rvm/gems/ruby-head@nooz/specifications/sinatra-basic-auth-0.1.0.gemspec
I, [2014-01-31T12:14:24.558358 #6930]  INFO -- : 0:  sinatra-content-for2 (0.3) from /Users/yaakov/.rvm/gems/ruby-head@nooz/specifications/sinatra-content-for2-0.3.gemspec
I, [2014-01-31T12:14:24.558584 #6930]  INFO -- : 0:  sprockets (2.10.1) from /Users/yaakov/.rvm/gems/ruby-head@nooz/specifications/sprockets-2.10.1.gemspec
I, [2014-01-31T12:14:24.558806 #6930]  INFO -- : 0:  sprockets-sass (1.0.2) from /Users/yaakov/.rvm/gems/ruby-head@nooz/specifications/sprockets-sass-1.0.2.gemspec
I, [2014-01-31T12:14:24.559025 #6930]  INFO -- : 0:  bundler (1.5.1) from /Users/yaakov/.rvm/gems/ruby-head@global/specifications/bundler-1.5.1.gemspec
